# JRE version: OpenJDK Runtime Environment Microsoft-10376803 (21.0.5+11) (build 21.0.5+11-LTS)
# Java VM: OpenJDK 64-Bit Server VM Microsoft-10376803 (21.0.5+11-LTS, mixed mode, sharing, tiered, compressed oops, compressed class ptrs, g1 gc, linux-amd64)
GC Precious Log:
 CardTable entry size: 512
 Card Set container configuration: InlinePtr #cards 5 size 8 Array Of Cards #cards 12 size 40 Howl #buckets 4 coarsen threshold 1843 Howl Bitmap #cards 512 size 80 coarsen threshold 460 Card regions per heap region 1 cards per card region 2048
 CPUs: 2 total, 2 available
 Memory: 7929M
 Large Page Support: Disabled
 NUMA Support: Disabled
 Compressed Oops: Enabled (32-bit)
 Heap Region Size: 1M
 Heap Min Capacity: 8M
 Heap Initial Capacity: 124M
 Heap Max Capacity: 1984M
 Pre-touch: Disabled
 Parallel Workers: 2
 Concurrent Workers: 1
 Concurrent Refinement Workers: 2
 Periodic GC: Disabled
Heap:
 garbage-first heap   total 78848K, used 21274K [0x0000000084000000, 0x0000000100000000)
  region size 1024K, 10 young (10240K), 4 survivors (4096K)
 Metaspace       used 12456K, committed 12736K, reserved 1114112K
  class space    used 1518K, committed 1664K, reserved 1048576K
GC Heap History (20 events):
Event: 0.932 GC heap before
{Heap before GC invocations=7 (full 3):
 garbage-first heap   total 30720K, used 7583K [0x0000000084000000, 0x0000000100000000)
  region size 1024K, 1 young (1024K), 0 survivors (0K)
 Metaspace       used 2270K, committed 2432K, reserved 1114112K
  class space    used 178K, committed 256K, reserved 1048576K
}
Event: 0.947 GC heap after
{Heap after GC invocations=8 (full 4):
 garbage-first heap   total 30720K, used 7583K [0x0000000084000000, 0x0000000100000000)
  region size 1024K, 0 young (0K), 0 survivors (0K)
 Metaspace       used 2270K, committed 2432K, reserved 1114112K
  class space    used 178K, committed 256K, reserved 1048576K
}
Event: 3.715 GC heap before
{Heap before GC invocations=8 (full 4):
 garbage-first heap   total 30720K, used 18847K [0x0000000084000000, 0x0000000100000000)
  region size 1024K, 12 young (12288K), 0 survivors (0K)
 Metaspace       used 6499K, committed 6720K, reserved 1114112K
  class space    used 706K, committed 832K, reserved 1048576K
}
Event: 3.737 GC heap after
{Heap after GC invocations=9 (full 5):
 garbage-first heap   total 30720K, used 10102K [0x0000000084000000, 0x0000000100000000)
  region size 1024K, 0 young (0K), 0 survivors (0K)
 Metaspace       used 6499K, committed 6720K, reserved 1114112K
  class space    used 706K, committed 832K, reserved 1048576K
}
Event: 3.805 GC heap before
{Heap before GC invocations=9 (full 5):
 garbage-first heap   total 30720K, used 10102K [0x0000000084000000, 0x0000000100000000)
  region size 1024K, 1 young (1024K), 0 survivors (0K)
 Metaspace       used 6499K, committed 6720K, reserved 1114112K
  class space    used 706K, committed 832K, reserved 1048576K
}
Event: 3.840 GC heap after
{Heap after GC invocations=10 (full 6):
 garbage-first heap   total 30720K, used 10099K [0x0000000084000000, 0x0000000100000000)
  region size 1024K, 0 young (0K), 0 survivors (0K)
 Metaspace       used 6499K, committed 6720K, reserved 1114112K
  class space    used 706K, committed 832K, reserved 1048576K
}
Event: 4.829 GC heap before
{Heap before GC invocations=10 (full 6):
 garbage-first heap   total 30720K, used 12147K [0x0000000084000000, 0x0000000100000000)
  region size 1024K, 3 young (3072K), 0 survivors (0K)
 Metaspace       used 6831K, committed 7040K, reserved 1114112K
  class space    used 720K, committed 832K, reserved 1048576K
}
Event: 4.853 GC heap after
{Heap after GC invocations=11 (full 7):
 garbage-first heap   total 30720K, used 10326K [0x0000000084000000, 0x0000000100000000)
  region size 1024K, 0 young (0K), 0 survivors (0K)
 Metaspace       used 6831K, committed 7040K, reserved 1114112K
  class space    used 720K, committed 832K, reserved 1048576K
}
Event: 5.165 GC heap before
{Heap before GC invocations=11 (full 7):
 garbage-first heap   total 30720K, used 22614K [0x0000000084000000, 0x0000000100000000)
  region size 1024K, 12 young (12288K), 0 survivors (0K)
 Metaspace       used 9162K, committed 9472K, reserved 1114112K
  class space    used 960K, committed 1088K, reserved 1048576K
}
Event: 5.167 GC heap after
{Heap after GC invocations=12 (full 7):
 garbage-first heap   total 30720K, used 11190K [0x0000000084000000, 0x0000000100000000)
  region size 1024K, 1 young (1024K), 1 survivors (1024K)
 Metaspace       used 9162K, committed 9472K, reserved 1114112K
  class space    used 960K, committed 1088K, reserved 1048576K
}
Event: 5.415 GC heap before
{Heap before GC invocations=12 (full 7):
 garbage-first heap   total 30720K, used 24502K [0x0000000084000000, 0x0000000100000000)
  region size 1024K, 14 young (14336K), 1 survivors (1024K)
 Metaspace       used 10007K, committed 10304K, reserved 1114112K
  class space    used 1108K, committed 1216K, reserved 1048576K
}
Event: 5.419 GC heap after
{Heap after GC invocations=13 (full 7):
 garbage-first heap   total 30720K, used 11987K [0x0000000084000000, 0x0000000100000000)
  region size 1024K, 2 young (2048K), 2 survivors (2048K)
 Metaspace       used 10007K, committed 10304K, reserved 1114112K
  class space    used 1108K, committed 1216K, reserved 1048576K
}
Event: 5.577 GC heap before
{Heap before GC invocations=13 (full 7):
 garbage-first heap   total 30720K, used 25299K [0x0000000084000000, 0x0000000100000000)
  region size 1024K, 15 young (15360K), 2 survivors (2048K)
 Metaspace       used 10468K, committed 10752K, reserved 1114112K
  class space    used 1172K, committed 1280K, reserved 1048576K
}
Event: 5.581 GC heap after
{Heap after GC invocations=14 (full 7):
 garbage-first heap   total 30720K, used 12682K [0x0000000084000000, 0x0000000100000000)
  region size 1024K, 2 young (2048K), 2 survivors (2048K)
 Metaspace       used 10468K, committed 10752K, reserved 1114112K
  class space    used 1172K, committed 1280K, reserved 1048576K
}
Event: 5.720 GC heap before
{Heap before GC invocations=14 (full 7):
 garbage-first heap   total 30720K, used 24970K [0x0000000084000000, 0x0000000100000000)
  region size 1024K, 14 young (14336K), 2 survivors (2048K)
 Metaspace       used 10873K, committed 11136K, reserved 1114112K
  class space    used 1230K, committed 1344K, reserved 1048576K
}
Event: 5.723 GC heap after
{Heap after GC invocations=15 (full 7):
 garbage-first heap   total 30720K, used 13533K [0x0000000084000000, 0x0000000100000000)
  region size 1024K, 2 young (2048K), 2 survivors (2048K)
 Metaspace       used 10873K, committed 11136K, reserved 1114112K
  class space    used 1230K, committed 1344K, reserved 1048576K
}
Event: 5.824 GC heap before
{Heap before GC invocations=15 (full 7):
 garbage-first heap   total 30720K, used 24797K [0x0000000084000000, 0x0000000100000000)
  region size 1024K, 13 young (13312K), 2 survivors (2048K)
 Metaspace       used 11104K, committed 11392K, reserved 1114112K
  class space    used 1273K, committed 1408K, reserved 1048576K
}
Event: 5.832 GC heap after
{Heap after GC invocations=16 (full 7):
 garbage-first heap   total 78848K, used 14136K [0x0000000084000000, 0x0000000100000000)
  region size 1024K, 2 young (2048K), 2 survivors (2048K)
 Metaspace       used 11104K, committed 11392K, reserved 1114112K
  class space    used 1273K, committed 1408K, reserved 1048576K
}
Event: 6.096 GC heap before
{Heap before GC invocations=16 (full 7):
 garbage-first heap   total 78848K, used 59192K [0x0000000084000000, 0x0000000100000000)
  region size 1024K, 46 young (47104K), 2 survivors (2048K)
 Metaspace       used 12216K, committed 12480K, reserved 1114112K
  class space    used 1475K, committed 1600K, reserved 1048576K
}
Event: 6.099 GC heap after
{Heap after GC invocations=17 (full 7):
 garbage-first heap   total 78848K, used 16154K [0x0000000084000000, 0x0000000100000000)
  region size 1024K, 4 young (4096K), 4 survivors (4096K)
 Metaspace       used 12216K, committed 12480K, reserved 1114112K
  class space    used 1475K, committed 1600K, reserved 1048576K
}

