# JRE version: OpenJDK Runtime Environment Homebrew (17.0.14) (build 17.0.14+0)
# Java VM: OpenJDK 64-Bit Server VM Homebrew (17.0.14+0, mixed mode, sharing, tiered, compressed oops, compressed class ptrs, g1 gc, bsd-aarch64)
GC Precious Log:
 CPUs: 8 total, 8 available
 Memory: 8192M
 Large Page Support: Disabled
 NUMA Support: Disabled
 Compressed Oops: Enabled (Zero based)
 Heap Region Size: 1M
 Heap Min Capacity: 8M
 Heap Initial Capacity: 128M
 Heap Max Capacity: 2G
 Pre-touch: Disabled
 Parallel Workers: 8
 Concurrent Workers: 2
 Concurrent Refinement Workers: 8
 Periodic GC: Disabled
Heap:
 garbage-first heap   total 86016K, used 55275K [0x0000000780000000, 0x0000000800000000)
  region size 1024K, 32 young (32768K), 0 survivors (0K)
 Metaspace       used 16257K, committed 16576K, reserved 1114112K
  class space    used 2312K, committed 2432K, reserved 1048576K
GC Heap History (20 events):
Event: 1.057 GC heap before
{Heap before GC invocations=17 (full 6):
 garbage-first heap   total 45056K, used 32543K [0x0000000780000000, 0x0000000800000000)
  region size 1024K, 20 young (20480K), 3 survivors (3072K)
 Metaspace       used 11605K, committed 11840K, reserved 1114112K
  class space    used 1493K, committed 1600K, reserved 1048576K
}
Event: 1.058 GC heap after
{Heap after GC invocations=18 (full 6):
 garbage-first heap   total 45056K, used 16130K [0x0000000780000000, 0x0000000800000000)
  region size 1024K, 2 young (2048K), 2 survivors (2048K)
 Metaspace       used 11605K, committed 11840K, reserved 1114112K
  class space    used 1493K, committed 1600K, reserved 1048576K
}
Event: 1.080 GC heap before
{Heap before GC invocations=18 (full 6):
 garbage-first heap   total 45056K, used 19202K [0x0000000780000000, 0x0000000800000000)
  region size 1024K, 6 young (6144K), 2 survivors (2048K)
 Metaspace       used 11712K, committed 11904K, reserved 1114112K
  class space    used 1516K, committed 1600K, reserved 1048576K
}
Event: 1.089 GC heap after
{Heap after GC invocations=19 (full 7):
 garbage-first heap   total 45056K, used 15776K [0x0000000780000000, 0x0000000800000000)
  region size 1024K, 0 young (0K), 0 survivors (0K)
 Metaspace       used 11712K, committed 11904K, reserved 1114112K
  class space    used 1516K, committed 1600K, reserved 1048576K
}
Event: 1.172 GC heap before
{Heap before GC invocations=19 (full 7):
 garbage-first heap   total 45056K, used 34208K [0x0000000780000000, 0x0000000800000000)
  region size 1024K, 18 young (18432K), 0 survivors (0K)
 Metaspace       used 12277K, committed 12544K, reserved 1114112K
  class space    used 1611K, committed 1728K, reserved 1048576K
}
Event: 1.173 GC heap after
{Heap after GC invocations=20 (full 7):
 garbage-first heap   total 90112K, used 17138K [0x0000000780000000, 0x0000000800000000)
  region size 1024K, 2 young (2048K), 2 survivors (2048K)
 Metaspace       used 12277K, committed 12544K, reserved 1114112K
  class space    used 1611K, committed 1728K, reserved 1048576K
}
Event: 1.308 GC heap before
{Heap before GC invocations=20 (full 7):
 garbage-first heap   total 90112K, used 33522K [0x0000000780000000, 0x0000000800000000)
  region size 1024K, 19 young (19456K), 2 survivors (2048K)
 Metaspace       used 13791K, committed 14080K, reserved 1114112K
  class space    used 1922K, committed 2048K, reserved 1048576K
}
Event: 1.320 GC heap after
{Heap after GC invocations=21 (full 8):
 garbage-first heap   total 68608K, used 18390K [0x0000000780000000, 0x0000000800000000)
  region size 1024K, 0 young (0K), 0 survivors (0K)
 Metaspace       used 13791K, committed 14080K, reserved 1114112K
  class space    used 1922K, committed 2048K, reserved 1048576K
}
Event: 1.543 GC heap before
{Heap before GC invocations=21 (full 8):
 garbage-first heap   total 68608K, used 52182K [0x0000000780000000, 0x0000000800000000)
  region size 1024K, 33 young (33792K), 0 survivors (0K)
 Metaspace       used 14530K, committed 14848K, reserved 1114112K
  class space    used 2043K, committed 2176K, reserved 1048576K
}
Event: 1.545 GC heap after
{Heap after GC invocations=22 (full 8):
 garbage-first heap   total 68608K, used 20438K [0x0000000780000000, 0x0000000800000000)
  region size 1024K, 2 young (2048K), 2 survivors (2048K)
 Metaspace       used 14530K, committed 14848K, reserved 1114112K
  class space    used 2043K, committed 2176K, reserved 1048576K
}
Event: 1.687 GC heap before
{Heap before GC invocations=22 (full 8):
 garbage-first heap   total 68608K, used 52182K [0x0000000780000000, 0x0000000800000000)
  region size 1024K, 33 young (33792K), 2 survivors (2048K)
 Metaspace       used 14928K, committed 15232K, reserved 1114112K
  class space    used 2096K, committed 2240K, reserved 1048576K
}
Event: 1.689 GC heap after
{Heap after GC invocations=23 (full 8):
 garbage-first heap   total 68608K, used 21131K [0x0000000780000000, 0x0000000800000000)
  region size 1024K, 3 young (3072K), 3 survivors (3072K)
 Metaspace       used 14928K, committed 15232K, reserved 1114112K
  class space    used 2096K, committed 2240K, reserved 1048576K
}
Event: 1.783 GC heap before
{Heap before GC invocations=23 (full 8):
 garbage-first heap   total 68608K, used 52875K [0x0000000780000000, 0x0000000800000000)
  region size 1024K, 34 young (34816K), 3 survivors (3072K)
 Metaspace       used 15189K, committed 15424K, reserved 1114112K
  class space    used 2128K, committed 2240K, reserved 1048576K
}
Event: 1.785 GC heap after
{Heap after GC invocations=24 (full 8):
 garbage-first heap   total 68608K, used 21663K [0x0000000780000000, 0x0000000800000000)
  region size 1024K, 2 young (2048K), 2 survivors (2048K)
 Metaspace       used 15189K, committed 15424K, reserved 1114112K
  class space    used 2128K, committed 2240K, reserved 1048576K
}
Event: 1.881 GC heap before
{Heap before GC invocations=24 (full 8):
 garbage-first heap   total 68608K, used 53407K [0x0000000780000000, 0x0000000800000000)
  region size 1024K, 33 young (33792K), 2 survivors (2048K)
 Metaspace       used 15405K, committed 15680K, reserved 1114112K
  class space    used 2158K, committed 2304K, reserved 1048576K
}
Event: 1.882 GC heap after
{Heap after GC invocations=25 (full 8):
 garbage-first heap   total 68608K, used 22136K [0x0000000780000000, 0x0000000800000000)
  region size 1024K, 3 young (3072K), 3 survivors (3072K)
 Metaspace       used 15405K, committed 15680K, reserved 1114112K
  class space    used 2158K, committed 2304K, reserved 1048576K
}
Event: 2.022 GC heap before
{Heap before GC invocations=25 (full 8):
 garbage-first heap   total 68608K, used 53880K [0x0000000780000000, 0x0000000800000000)
  region size 1024K, 34 young (34816K), 3 survivors (3072K)
 Metaspace       used 15781K, committed 16064K, reserved 1114112K
  class space    used 2229K, committed 2368K, reserved 1048576K
}
Event: 2.024 GC heap after
{Heap after GC invocations=26 (full 8):
 garbage-first heap   total 87040K, used 23815K [0x0000000780000000, 0x0000000800000000)
  region size 1024K, 4 young (4096K), 4 survivors (4096K)
 Metaspace       used 15781K, committed 16064K, reserved 1114112K
  class space    used 2229K, committed 2368K, reserved 1048576K
}
Event: 2.041 GC heap before
{Heap before GC invocations=26 (full 8):
 garbage-first heap   total 87040K, used 33031K [0x0000000780000000, 0x0000000800000000)
  region size 1024K, 14 young (14336K), 4 survivors (4096K)
 Metaspace       used 15849K, committed 16128K, reserved 1114112K
  class space    used 2239K, committed 2368K, reserved 1048576K
}
Event: 2.057 GC heap after
{Heap after GC invocations=27 (full 9):
 garbage-first heap   total 86016K, used 23531K [0x0000000780000000, 0x0000000800000000)
  region size 1024K, 0 young (0K), 0 survivors (0K)
 Metaspace       used 15849K, committed 16128K, reserved 1114112K
  class space    used 2239K, committed 2368K, reserved 1048576K
}

