# JRE version: OpenJDK Runtime Environment Homebrew (17.0.14) (build 17.0.14+0)
# Java VM: OpenJDK 64-Bit Server VM Homebrew (17.0.14+0, mixed mode, sharing, tiered, compressed oops, compressed class ptrs, g1 gc, bsd-aarch64)
GC Precious Log:
 CPUs: 8 total, 8 available
 Memory: 8192M
 Large Page Support: Disabled
 NUMA Support: Disabled
 Compressed Oops: Enabled (Zero based)
 Heap Region Size: 1M
 Heap Min Capacity: 8M
 Heap Initial Capacity: 128M
 Heap Max Capacity: 2G
 Pre-touch: Disabled
 Parallel Workers: 8
 Concurrent Workers: 2
 Concurrent Refinement Workers: 8
 Periodic GC: Disabled
Heap:
 garbage-first heap   total 116736K, used 72808K [0x0000000780000000, 0x0000000800000000)
  region size 1024K, 41 young (41984K), 5 survivors (5120K)
 Metaspace       used 21732K, committed 22016K, reserved 1114112K
  class space    used 3231K, committed 3392K, reserved 1048576K
GC Heap History (20 events):
Event: 2.505 GC heap before
{Heap before GC invocations=30 (full 10):
 garbage-first heap   total 69632K, used 54124K [0x0000000780000000, 0x0000000800000000)
  region size 1024K, 32 young (32768K), 3 survivors (3072K)
 Metaspace       used 16302K, committed 16576K, reserved 1114112K
  class space    used 2319K, committed 2432K, reserved 1048576K
}
Event: 2.507 GC heap after
{Heap after GC invocations=31 (full 10):
 garbage-first heap   total 150528K, used 25656K [0x0000000780000000, 0x0000000800000000)
  region size 1024K, 3 young (3072K), 3 survivors (3072K)
 Metaspace       used 16302K, committed 16576K, reserved 1114112K
  class space    used 2319K, committed 2432K, reserved 1048576K
}
Event: 2.617 GC heap before
{Heap before GC invocations=31 (full 10):
 garbage-first heap   total 150528K, used 57400K [0x0000000780000000, 0x0000000800000000)
  region size 1024K, 35 young (35840K), 3 survivors (3072K)
 Metaspace       used 16980K, committed 17280K, reserved 1114112K
  class space    used 2432K, committed 2560K, reserved 1048576K
}
Event: 2.629 GC heap after
{Heap after GC invocations=32 (full 11):
 garbage-first heap   total 96256K, used 26046K [0x0000000780000000, 0x0000000800000000)
  region size 1024K, 0 young (0K), 0 survivors (0K)
 Metaspace       used 16980K, committed 17280K, reserved 1114112K
  class space    used 2432K, committed 2560K, reserved 1048576K
}
Event: 2.830 GC heap before
{Heap before GC invocations=32 (full 11):
 garbage-first heap   total 96256K, used 76222K [0x0000000780000000, 0x0000000800000000)
  region size 1024K, 49 young (50176K), 0 survivors (0K)
 Metaspace       used 17875K, committed 18112K, reserved 1114112K
  class space    used 2583K, committed 2688K, reserved 1048576K
}
Event: 2.832 GC heap after
{Heap after GC invocations=33 (full 11):
 garbage-first heap   total 96256K, used 30139K [0x0000000780000000, 0x0000000800000000)
  region size 1024K, 4 young (4096K), 4 survivors (4096K)
 Metaspace       used 17875K, committed 18112K, reserved 1114112K
  class space    used 2583K, committed 2688K, reserved 1048576K
}
Event: 2.959 GC heap before
{Heap before GC invocations=33 (full 11):
 garbage-first heap   total 96256K, used 74171K [0x0000000780000000, 0x0000000800000000)
  region size 1024K, 47 young (48128K), 4 survivors (4096K)
 Metaspace       used 18204K, committed 18432K, reserved 1114112K
  class space    used 2644K, committed 2752K, reserved 1048576K
}
Event: 2.961 GC heap after
{Heap after GC invocations=34 (full 11):
 garbage-first heap   total 96256K, used 30931K [0x0000000780000000, 0x0000000800000000)
  region size 1024K, 2 young (2048K), 2 survivors (2048K)
 Metaspace       used 18204K, committed 18432K, reserved 1114112K
  class space    used 2644K, committed 2752K, reserved 1048576K
}
Event: 3.063 GC heap before
{Heap before GC invocations=34 (full 11):
 garbage-first heap   total 96256K, used 73939K [0x0000000780000000, 0x0000000800000000)
  region size 1024K, 44 young (45056K), 2 survivors (2048K)
 Metaspace       used 18388K, committed 18688K, reserved 1114112K
  class space    used 2674K, committed 2816K, reserved 1048576K
}
Event: 3.064 GC heap after
{Heap after GC invocations=35 (full 11):
 garbage-first heap   total 96256K, used 31678K [0x0000000780000000, 0x0000000800000000)
  region size 1024K, 3 young (3072K), 3 survivors (3072K)
 Metaspace       used 18388K, committed 18688K, reserved 1114112K
  class space    used 2674K, committed 2816K, reserved 1048576K
}
Event: 3.146 GC heap before
{Heap before GC invocations=35 (full 11):
 garbage-first heap   total 96256K, used 74686K [0x0000000780000000, 0x0000000800000000)
  region size 1024K, 45 young (46080K), 3 survivors (3072K)
 Metaspace       used 18577K, committed 18816K, reserved 1114112K
  class space    used 2706K, committed 2816K, reserved 1048576K
}
Event: 3.147 GC heap after
{Heap after GC invocations=36 (full 11):
 garbage-first heap   total 126976K, used 31713K [0x0000000780000000, 0x0000000800000000)
  region size 1024K, 3 young (3072K), 3 survivors (3072K)
 Metaspace       used 18577K, committed 18816K, reserved 1114112K
  class space    used 2706K, committed 2816K, reserved 1048576K
}
Event: 3.279 GC heap before
{Heap before GC invocations=36 (full 11):
 garbage-first heap   total 126976K, used 100321K [0x0000000780000000, 0x0000000800000000)
  region size 1024K, 70 young (71680K), 3 survivors (3072K)
 Metaspace       used 18799K, committed 19072K, reserved 1114112K
  class space    used 2742K, committed 2880K, reserved 1048576K
}
Event: 3.281 GC heap after
{Heap after GC invocations=37 (full 11):
 garbage-first heap   total 126976K, used 32545K [0x0000000780000000, 0x0000000800000000)
  region size 1024K, 4 young (4096K), 4 survivors (4096K)
 Metaspace       used 18799K, committed 19072K, reserved 1114112K
  class space    used 2742K, committed 2880K, reserved 1048576K
}
Event: 3.297 GC heap before
{Heap before GC invocations=37 (full 11):
 garbage-first heap   total 126976K, used 44833K [0x0000000780000000, 0x0000000800000000)
  region size 1024K, 17 young (17408K), 4 survivors (4096K)
 Metaspace       used 18869K, committed 19136K, reserved 1114112K
  class space    used 2750K, committed 2880K, reserved 1048576K
}
Event: 3.315 GC heap after
{Heap after GC invocations=38 (full 12):
 garbage-first heap   total 116736K, used 32086K [0x0000000780000000, 0x0000000800000000)
  region size 1024K, 0 young (0K), 0 survivors (0K)
 Metaspace       used 18869K, committed 19136K, reserved 1114112K
  class space    used 2750K, committed 2880K, reserved 1048576K
}
Event: 3.552 GC heap before
{Heap before GC invocations=38 (full 12):
 garbage-first heap   total 116736K, used 94550K [0x0000000780000000, 0x0000000800000000)
  region size 1024K, 62 young (63488K), 0 survivors (0K)
 Metaspace       used 19483K, committed 19776K, reserved 1114112K
  class space    used 2851K, committed 3008K, reserved 1048576K
}
Event: 3.554 GC heap after
{Heap after GC invocations=39 (full 12):
 garbage-first heap   total 116736K, used 34725K [0x0000000780000000, 0x0000000800000000)
  region size 1024K, 3 young (3072K), 3 survivors (3072K)
 Metaspace       used 19483K, committed 19776K, reserved 1114112K
  class space    used 2851K, committed 3008K, reserved 1048576K
}
Event: 3.716 GC heap before
{Heap before GC invocations=39 (full 12):
 garbage-first heap   total 116736K, used 94117K [0x0000000780000000, 0x0000000800000000)
  region size 1024K, 61 young (62464K), 3 survivors (3072K)
 Metaspace       used 20167K, committed 20480K, reserved 1114112K
  class space    used 2982K, committed 3136K, reserved 1048576K
}
Event: 3.718 GC heap after
{Heap after GC invocations=40 (full 12):
 garbage-first heap   total 116736K, used 36968K [0x0000000780000000, 0x0000000800000000)
  region size 1024K, 5 young (5120K), 5 survivors (5120K)
 Metaspace       used 20167K, committed 20480K, reserved 1114112K
  class space    used 2982K, committed 3136K, reserved 1048576K
}

